Terminaux inutilisés dans la grammaire

   EMIT


Grammaire

    0 $accept: file $end

    1 file: declarations_globales body
    2     | body

    3 declarations_globales: declaration ';' declarations_globales
    4                      | declaration ';'

    5 declaration: LET names '=' functions
    6            | LET REC names '=' functions

    7 names: NAME names
    8      | NAME

    9 functions: FUN names "=>" functions
   10          | expr

   11 declaration_locale: LET NAME '=' factor_expr IN expr
   12                   | LET REC NAME '=' factor_expr IN expr
   13                   | factor_expr WHERE NAME '=' expr
   14                   | factor_expr WHERE REC NAME '=' expr

   15 expr: conditional_expr
   16     | declaration_locale
   17     | match_expr
   18     | NAME

   19 conditional_expr: IF logical_expr THEN expr ELSE expr
   20                 | logical_expr

   21 logical_expr: logical_expr "||" relational_expr
   22             | logical_expr "&&" relational_expr
   23             | relational_expr

   24 relational_expr: relational_expr "<" additive_expr
   25                | relational_expr ">" additive_expr
   26                | relational_expr ">=" additive_expr
   27                | relational_expr "<=" additive_expr
   28                | relational_expr "==" additive_expr
   29                | relational_expr "!=" additive_expr
   30                | additive_expr

   31 additive_expr: additive_expr '+' multiplicative_expr
   32              | additive_expr '-' multiplicative_expr
   33              | multiplicative_expr

   34 multiplicative_expr: multiplicative_expr '*' negative_expr
   35                    | multiplicative_expr '/' negative_expr
   36                    | negative_expr

   37 negative_expr: factor_expr
   38              | '!' factor_expr

   39 factor_expr: '(' expr ')'
   40            | '"' text '"'
   41            | tree
   42            | INTEGER

   43 match_expr: MATCH expr WITH filter_expr END

   44 filter_expr: '|' pforests "=>" expr filter_expr
   45            | '|' pforests "=>" expr

   46 pforests: pattern_expr pforests
   47         | pattern_expr

   48 pattern_expr: '_'
   49             | TAG '{' pattern_expr '}'
   50             | TAG '{' '}'
   51             | '_' '{' pattern_expr '}'
   52             | '_' '{' '}'
   53             | '*' '_' '*'
   54             | '/' '_' '/'
   55             | '-' '_' '-'
   56             | NAME
   57             | '*' NAME '*'
   58             | '/' NAME '/'
   59             | '-' NAME '-'

   60 body: tree body
   61     | tree

   62 tree: TAG '[' attributs ']' '{' contenus '}'
   63     | TAG '[' attributs ']' '/'
   64     | TAG '{' contenus '}'
   65     | TAG '/'
   66     | '{' contenus '}'

   67 attributs: TAG '=' '"' text '"' attributs
   68          | TAG '=' '"' text '"'

   69 contenus: contenu contenus
   70         | contenu
   71         | expr

   72 contenu: expr ','

   73 text: word_t text
   74     | word_t

   75 word_t: MOT ' '
   76       | MOT


Terminaux, suivis des règles où ils apparaissent

$end (0) 0
' ' (32) 75
'!' (33) 38
'"' (34) 40 67 68
'(' (40) 39
')' (41) 39
'*' (42) 34 53 57
'+' (43) 31
',' (44) 72
'-' (45) 32 55 59
'/' (47) 35 54 58 63 65
';' (59) 3 4
'=' (61) 5 6 11 12 13 14 67 68
'[' (91) 62 63
']' (93) 62 63
'_' (95) 48 51 52 53 54 55
'{' (123) 49 50 51 52 62 64 66
'|' (124) 44 45
'}' (125) 49 50 51 52 62 64 66
error (256)
TAG (258) 49 50 62 63 64 65 67 68
NAME (259) 7 8 11 12 13 14 18 56 57 58 59
MOT (260) 75 76
INTEGER (261) 42
LET (262) 5 6 11 12
REC (263) 6 12 14
FUN (264) 9
IN (265) 11 12
WHERE (266) 13 14
IF (267) 19
THEN (268) 19
ELSE (269) 19
MATCH (270) 43
WITH (271) 43
END (272) 43
EMIT (273)
"=>" (274) 9 44 45
"||" (275) 21
"&&" (276) 22
"<" (277) 24
">" (278) 25
"<=" (279) 27
">=" (280) 26
"==" (281) 28
"!=" (282) 29


Non-terminaux, suivis des règles où ils apparaissent

$accept (46)
    à gauche: 0
file (47)
    à gauche: 1 2, à droite: 0
declarations_globales (48)
    à gauche: 3 4, à droite: 1 3
declaration (49)
    à gauche: 5 6, à droite: 3 4
names (50)
    à gauche: 7 8, à droite: 5 6 7 9
functions (51)
    à gauche: 9 10, à droite: 5 6 9
declaration_locale (52)
    à gauche: 11 12 13 14, à droite: 16
expr (53)
    à gauche: 15 16 17 18, à droite: 10 11 12 13 14 19 39 43 44 45
    71 72
conditional_expr (54)
    à gauche: 19 20, à droite: 15
logical_expr (55)
    à gauche: 21 22 23, à droite: 19 20 21 22
relational_expr (56)
    à gauche: 24 25 26 27 28 29 30, à droite: 21 22 23 24 25 26 27
    28 29
additive_expr (57)
    à gauche: 31 32 33, à droite: 24 25 26 27 28 29 30 31 32
multiplicative_expr (58)
    à gauche: 34 35 36, à droite: 31 32 33 34 35
negative_expr (59)
    à gauche: 37 38, à droite: 34 35 36
factor_expr (60)
    à gauche: 39 40 41 42, à droite: 11 12 13 14 37 38
match_expr (61)
    à gauche: 43, à droite: 17
filter_expr (62)
    à gauche: 44 45, à droite: 43 44
pforests (63)
    à gauche: 46 47, à droite: 44 45 46
pattern_expr (64)
    à gauche: 48 49 50 51 52 53 54 55 56 57 58 59, à droite: 46 47
    49 51
body (65)
    à gauche: 60 61, à droite: 1 2 60
tree (66)
    à gauche: 62 63 64 65 66, à droite: 41 60 61
attributs (67)
    à gauche: 67 68, à droite: 62 63 67
contenus (68)
    à gauche: 69 70 71, à droite: 62 64 66 69
contenu (69)
    à gauche: 72, à droite: 69 70
text (70)
    à gauche: 73 74, à droite: 40 67 68 73
word_t (71)
    à gauche: 75 76, à droite: 73 74


État 0

    0 $accept: . file $end

    TAG  décalage et aller à l'état 1
    LET  décalage et aller à l'état 2
    '{'  décalage et aller à l'état 3

    file                   aller à l'état 4
    declarations_globales  aller à l'état 5
    declaration            aller à l'état 6
    body                   aller à l'état 7
    tree                   aller à l'état 8


État 1

   62 tree: TAG . '[' attributs ']' '{' contenus '}'
   63     | TAG . '[' attributs ']' '/'
   64     | TAG . '{' contenus '}'
   65     | TAG . '/'

    '/'  décalage et aller à l'état 9
    '{'  décalage et aller à l'état 10
    '['  décalage et aller à l'état 11


État 2

    5 declaration: LET . names '=' functions
    6            | LET . REC names '=' functions

    NAME  décalage et aller à l'état 12
    REC   décalage et aller à l'état 13

    names  aller à l'état 14


État 3

   66 tree: '{' . contenus '}'

    TAG      décalage et aller à l'état 1
    NAME     décalage et aller à l'état 15
    INTEGER  décalage et aller à l'état 16
    LET      décalage et aller à l'état 17
    IF       décalage et aller à l'état 18
    MATCH    décalage et aller à l'état 19
    '!'      décalage et aller à l'état 20
    '('      décalage et aller à l'état 21
    '"'      décalage et aller à l'état 22
    '{'      décalage et aller à l'état 3

    declaration_locale   aller à l'état 23
    expr                 aller à l'état 24
    conditional_expr     aller à l'état 25
    logical_expr         aller à l'état 26
    relational_expr      aller à l'état 27
    additive_expr        aller à l'état 28
    multiplicative_expr  aller à l'état 29
    negative_expr        aller à l'état 30
    factor_expr          aller à l'état 31
    match_expr           aller à l'état 32
    tree                 aller à l'état 33
    contenus             aller à l'état 34
    contenu              aller à l'état 35


État 4

    0 $accept: file . $end

    $end  décalage et aller à l'état 36


État 5

    1 file: declarations_globales . body

    TAG  décalage et aller à l'état 1
    '{'  décalage et aller à l'état 3

    body  aller à l'état 37
    tree  aller à l'état 8


État 6

    3 declarations_globales: declaration . ';' declarations_globales
    4                      | declaration . ';'

    ';'  décalage et aller à l'état 38


État 7

    2 file: body .

    $défaut  réduction par utilisation de la règle 2 (file)


État 8

   60 body: tree . body
   61     | tree .

    TAG  décalage et aller à l'état 1
    '{'  décalage et aller à l'état 3

    $défaut  réduction par utilisation de la règle 61 (body)

    body  aller à l'état 39
    tree  aller à l'état 8


État 9

   65 tree: TAG '/' .

    $défaut  réduction par utilisation de la règle 65 (tree)


État 10

   64 tree: TAG '{' . contenus '}'

    TAG      décalage et aller à l'état 1
    NAME     décalage et aller à l'état 15
    INTEGER  décalage et aller à l'état 16
    LET      décalage et aller à l'état 17
    IF       décalage et aller à l'état 18
    MATCH    décalage et aller à l'état 19
    '!'      décalage et aller à l'état 20
    '('      décalage et aller à l'état 21
    '"'      décalage et aller à l'état 22
    '{'      décalage et aller à l'état 3

    declaration_locale   aller à l'état 23
    expr                 aller à l'état 24
    conditional_expr     aller à l'état 25
    logical_expr         aller à l'état 26
    relational_expr      aller à l'état 27
    additive_expr        aller à l'état 28
    multiplicative_expr  aller à l'état 29
    negative_expr        aller à l'état 30
    factor_expr          aller à l'état 31
    match_expr           aller à l'état 32
    tree                 aller à l'état 33
    contenus             aller à l'état 40
    contenu              aller à l'état 35


État 11

   62 tree: TAG '[' . attributs ']' '{' contenus '}'
   63     | TAG '[' . attributs ']' '/'

    TAG  décalage et aller à l'état 41

    attributs  aller à l'état 42


État 12

    7 names: NAME . names
    8      | NAME .

    NAME  décalage et aller à l'état 12

    $défaut  réduction par utilisation de la règle 8 (names)

    names  aller à l'état 43


État 13

    6 declaration: LET REC . names '=' functions

    NAME  décalage et aller à l'état 12

    names  aller à l'état 44


État 14

    5 declaration: LET names . '=' functions

    '='  décalage et aller à l'état 45


État 15

   18 expr: NAME .

    $défaut  réduction par utilisation de la règle 18 (expr)


État 16

   42 factor_expr: INTEGER .

    $défaut  réduction par utilisation de la règle 42 (factor_expr)


État 17

   11 declaration_locale: LET . NAME '=' factor_expr IN expr
   12                   | LET . REC NAME '=' factor_expr IN expr

    NAME  décalage et aller à l'état 46
    REC   décalage et aller à l'état 47


État 18

   19 conditional_expr: IF . logical_expr THEN expr ELSE expr

    TAG      décalage et aller à l'état 1
    INTEGER  décalage et aller à l'état 16
    '!'      décalage et aller à l'état 20
    '('      décalage et aller à l'état 21
    '"'      décalage et aller à l'état 22
    '{'      décalage et aller à l'état 3

    logical_expr         aller à l'état 48
    relational_expr      aller à l'état 27
    additive_expr        aller à l'état 28
    multiplicative_expr  aller à l'état 29
    negative_expr        aller à l'état 30
    factor_expr          aller à l'état 49
    tree                 aller à l'état 33


État 19

   43 match_expr: MATCH . expr WITH filter_expr END

    TAG      décalage et aller à l'état 1
    NAME     décalage et aller à l'état 15
    INTEGER  décalage et aller à l'état 16
    LET      décalage et aller à l'état 17
    IF       décalage et aller à l'état 18
    MATCH    décalage et aller à l'état 19
    '!'      décalage et aller à l'état 20
    '('      décalage et aller à l'état 21
    '"'      décalage et aller à l'état 22
    '{'      décalage et aller à l'état 3

    declaration_locale   aller à l'état 23
    expr                 aller à l'état 50
    conditional_expr     aller à l'état 25
    logical_expr         aller à l'état 26
    relational_expr      aller à l'état 27
    additive_expr        aller à l'état 28
    multiplicative_expr  aller à l'état 29
    negative_expr        aller à l'état 30
    factor_expr          aller à l'état 31
    match_expr           aller à l'état 32
    tree                 aller à l'état 33


État 20

   38 negative_expr: '!' . factor_expr

    TAG      décalage et aller à l'état 1
    INTEGER  décalage et aller à l'état 16
    '('      décalage et aller à l'état 21
    '"'      décalage et aller à l'état 22
    '{'      décalage et aller à l'état 3

    factor_expr  aller à l'état 51
    tree         aller à l'état 33


État 21

   39 factor_expr: '(' . expr ')'

    TAG      décalage et aller à l'état 1
    NAME     décalage et aller à l'état 15
    INTEGER  décalage et aller à l'état 16
    LET      décalage et aller à l'état 17
    IF       décalage et aller à l'état 18
    MATCH    décalage et aller à l'état 19
    '!'      décalage et aller à l'état 20
    '('      décalage et aller à l'état 21
    '"'      décalage et aller à l'état 22
    '{'      décalage et aller à l'état 3

    declaration_locale   aller à l'état 23
    expr                 aller à l'état 52
    conditional_expr     aller à l'état 25
    logical_expr         aller à l'état 26
    relational_expr      aller à l'état 27
    additive_expr        aller à l'état 28
    multiplicative_expr  aller à l'état 29
    negative_expr        aller à l'état 30
    factor_expr          aller à l'état 31
    match_expr           aller à l'état 32
    tree                 aller à l'état 33


État 22

   40 factor_expr: '"' . text '"'

    MOT  décalage et aller à l'état 53

    text    aller à l'état 54
    word_t  aller à l'état 55


État 23

   16 expr: declaration_locale .

    $défaut  réduction par utilisation de la règle 16 (expr)


État 24

   71 contenus: expr .
   72 contenu: expr . ','

    ','  décalage et aller à l'état 56

    $défaut  réduction par utilisation de la règle 71 (contenus)


État 25

   15 expr: conditional_expr .

    $défaut  réduction par utilisation de la règle 15 (expr)


État 26

   20 conditional_expr: logical_expr .
   21 logical_expr: logical_expr . "||" relational_expr
   22             | logical_expr . "&&" relational_expr

    "||"  décalage et aller à l'état 57
    "&&"  décalage et aller à l'état 58

    $défaut  réduction par utilisation de la règle 20 (conditional_expr)


État 27

   23 logical_expr: relational_expr .
   24 relational_expr: relational_expr . "<" additive_expr
   25                | relational_expr . ">" additive_expr
   26                | relational_expr . ">=" additive_expr
   27                | relational_expr . "<=" additive_expr
   28                | relational_expr . "==" additive_expr
   29                | relational_expr . "!=" additive_expr

    "<"   décalage et aller à l'état 59
    ">"   décalage et aller à l'état 60
    "<="  décalage et aller à l'état 61
    ">="  décalage et aller à l'état 62
    "=="  décalage et aller à l'état 63
    "!="  décalage et aller à l'état 64

    $défaut  réduction par utilisation de la règle 23 (logical_expr)


État 28

   30 relational_expr: additive_expr .
   31 additive_expr: additive_expr . '+' multiplicative_expr
   32              | additive_expr . '-' multiplicative_expr

    '+'  décalage et aller à l'état 65
    '-'  décalage et aller à l'état 66

    $défaut  réduction par utilisation de la règle 30 (relational_expr)


État 29

   33 additive_expr: multiplicative_expr .
   34 multiplicative_expr: multiplicative_expr . '*' negative_expr
   35                    | multiplicative_expr . '/' negative_expr

    '*'  décalage et aller à l'état 67
    '/'  décalage et aller à l'état 68

    $défaut  réduction par utilisation de la règle 33 (additive_expr)


État 30

   36 multiplicative_expr: negative_expr .

    $défaut  réduction par utilisation de la règle 36 (multiplicative_expr)


État 31

   13 declaration_locale: factor_expr . WHERE NAME '=' expr
   14                   | factor_expr . WHERE REC NAME '=' expr
   37 negative_expr: factor_expr .

    WHERE  décalage et aller à l'état 69

    $défaut  réduction par utilisation de la règle 37 (negative_expr)


État 32

   17 expr: match_expr .

    $défaut  réduction par utilisation de la règle 17 (expr)


État 33

   41 factor_expr: tree .

    $défaut  réduction par utilisation de la règle 41 (factor_expr)


État 34

   66 tree: '{' contenus . '}'

    '}'  décalage et aller à l'état 70


État 35

   69 contenus: contenu . contenus
   70         | contenu .

    TAG      décalage et aller à l'état 1
    NAME     décalage et aller à l'état 15
    INTEGER  décalage et aller à l'état 16
    LET      décalage et aller à l'état 17
    IF       décalage et aller à l'état 18
    MATCH    décalage et aller à l'état 19
    '!'      décalage et aller à l'état 20
    '('      décalage et aller à l'état 21
    '"'      décalage et aller à l'état 22
    '{'      décalage et aller à l'état 3

    $défaut  réduction par utilisation de la règle 70 (contenus)

    declaration_locale   aller à l'état 23
    expr                 aller à l'état 24
    conditional_expr     aller à l'état 25
    logical_expr         aller à l'état 26
    relational_expr      aller à l'état 27
    additive_expr        aller à l'état 28
    multiplicative_expr  aller à l'état 29
    negative_expr        aller à l'état 30
    factor_expr          aller à l'état 31
    match_expr           aller à l'état 32
    tree                 aller à l'état 33
    contenus             aller à l'état 71
    contenu              aller à l'état 35


État 36

    0 $accept: file $end .

    $défaut  accepter


État 37

    1 file: declarations_globales body .

    $défaut  réduction par utilisation de la règle 1 (file)


État 38

    3 declarations_globales: declaration ';' . declarations_globales
    4                      | declaration ';' .

    LET  décalage et aller à l'état 2

    $défaut  réduction par utilisation de la règle 4 (declarations_globales)

    declarations_globales  aller à l'état 72
    declaration            aller à l'état 6


État 39

   60 body: tree body .

    $défaut  réduction par utilisation de la règle 60 (body)


État 40

   64 tree: TAG '{' contenus . '}'

    '}'  décalage et aller à l'état 73


État 41

   67 attributs: TAG . '=' '"' text '"' attributs
   68          | TAG . '=' '"' text '"'

    '='  décalage et aller à l'état 74


État 42

   62 tree: TAG '[' attributs . ']' '{' contenus '}'
   63     | TAG '[' attributs . ']' '/'

    ']'  décalage et aller à l'état 75


État 43

    7 names: NAME names .

    $défaut  réduction par utilisation de la règle 7 (names)


État 44

    6 declaration: LET REC names . '=' functions

    '='  décalage et aller à l'état 76


État 45

    5 declaration: LET names '=' . functions

    TAG      décalage et aller à l'état 1
    NAME     décalage et aller à l'état 15
    INTEGER  décalage et aller à l'état 16
    LET      décalage et aller à l'état 17
    FUN      décalage et aller à l'état 77
    IF       décalage et aller à l'état 18
    MATCH    décalage et aller à l'état 19
    '!'      décalage et aller à l'état 20
    '('      décalage et aller à l'état 21
    '"'      décalage et aller à l'état 22
    '{'      décalage et aller à l'état 3

    functions            aller à l'état 78
    declaration_locale   aller à l'état 23
    expr                 aller à l'état 79
    conditional_expr     aller à l'état 25
    logical_expr         aller à l'état 26
    relational_expr      aller à l'état 27
    additive_expr        aller à l'état 28
    multiplicative_expr  aller à l'état 29
    negative_expr        aller à l'état 30
    factor_expr          aller à l'état 31
    match_expr           aller à l'état 32
    tree                 aller à l'état 33


État 46

   11 declaration_locale: LET NAME . '=' factor_expr IN expr

    '='  décalage et aller à l'état 80


État 47

   12 declaration_locale: LET REC . NAME '=' factor_expr IN expr

    NAME  décalage et aller à l'état 81


État 48

   19 conditional_expr: IF logical_expr . THEN expr ELSE expr
   21 logical_expr: logical_expr . "||" relational_expr
   22             | logical_expr . "&&" relational_expr

    THEN  décalage et aller à l'état 82
    "||"  décalage et aller à l'état 57
    "&&"  décalage et aller à l'état 58


État 49

   37 negative_expr: factor_expr .

    $défaut  réduction par utilisation de la règle 37 (negative_expr)


État 50

   43 match_expr: MATCH expr . WITH filter_expr END

    WITH  décalage et aller à l'état 83


État 51

   38 negative_expr: '!' factor_expr .

    $défaut  réduction par utilisation de la règle 38 (negative_expr)


État 52

   39 factor_expr: '(' expr . ')'

    ')'  décalage et aller à l'état 84


État 53

   75 word_t: MOT . ' '
   76       | MOT .

    ' '  décalage et aller à l'état 85

    $défaut  réduction par utilisation de la règle 76 (word_t)


État 54

   40 factor_expr: '"' text . '"'

    '"'  décalage et aller à l'état 86


État 55

   73 text: word_t . text
   74     | word_t .

    MOT  décalage et aller à l'état 53

    $défaut  réduction par utilisation de la règle 74 (text)

    text    aller à l'état 87
    word_t  aller à l'état 55


État 56

   72 contenu: expr ',' .

    $défaut  réduction par utilisation de la règle 72 (contenu)


État 57

   21 logical_expr: logical_expr "||" . relational_expr

    TAG      décalage et aller à l'état 1
    INTEGER  décalage et aller à l'état 16
    '!'      décalage et aller à l'état 20
    '('      décalage et aller à l'état 21
    '"'      décalage et aller à l'état 22
    '{'      décalage et aller à l'état 3

    relational_expr      aller à l'état 88
    additive_expr        aller à l'état 28
    multiplicative_expr  aller à l'état 29
    negative_expr        aller à l'état 30
    factor_expr          aller à l'état 49
    tree                 aller à l'état 33


État 58

   22 logical_expr: logical_expr "&&" . relational_expr

    TAG      décalage et aller à l'état 1
    INTEGER  décalage et aller à l'état 16
    '!'      décalage et aller à l'état 20
    '('      décalage et aller à l'état 21
    '"'      décalage et aller à l'état 22
    '{'      décalage et aller à l'état 3

    relational_expr      aller à l'état 89
    additive_expr        aller à l'état 28
    multiplicative_expr  aller à l'état 29
    negative_expr        aller à l'état 30
    factor_expr          aller à l'état 49
    tree                 aller à l'état 33


État 59

   24 relational_expr: relational_expr "<" . additive_expr

    TAG      décalage et aller à l'état 1
    INTEGER  décalage et aller à l'état 16
    '!'      décalage et aller à l'état 20
    '('      décalage et aller à l'état 21
    '"'      décalage et aller à l'état 22
    '{'      décalage et aller à l'état 3

    additive_expr        aller à l'état 90
    multiplicative_expr  aller à l'état 29
    negative_expr        aller à l'état 30
    factor_expr          aller à l'état 49
    tree                 aller à l'état 33


État 60

   25 relational_expr: relational_expr ">" . additive_expr

    TAG      décalage et aller à l'état 1
    INTEGER  décalage et aller à l'état 16
    '!'      décalage et aller à l'état 20
    '('      décalage et aller à l'état 21
    '"'      décalage et aller à l'état 22
    '{'      décalage et aller à l'état 3

    additive_expr        aller à l'état 91
    multiplicative_expr  aller à l'état 29
    negative_expr        aller à l'état 30
    factor_expr          aller à l'état 49
    tree                 aller à l'état 33


État 61

   27 relational_expr: relational_expr "<=" . additive_expr

    TAG      décalage et aller à l'état 1
    INTEGER  décalage et aller à l'état 16
    '!'      décalage et aller à l'état 20
    '('      décalage et aller à l'état 21
    '"'      décalage et aller à l'état 22
    '{'      décalage et aller à l'état 3

    additive_expr        aller à l'état 92
    multiplicative_expr  aller à l'état 29
    negative_expr        aller à l'état 30
    factor_expr          aller à l'état 49
    tree                 aller à l'état 33


État 62

   26 relational_expr: relational_expr ">=" . additive_expr

    TAG      décalage et aller à l'état 1
    INTEGER  décalage et aller à l'état 16
    '!'      décalage et aller à l'état 20
    '('      décalage et aller à l'état 21
    '"'      décalage et aller à l'état 22
    '{'      décalage et aller à l'état 3

    additive_expr        aller à l'état 93
    multiplicative_expr  aller à l'état 29
    negative_expr        aller à l'état 30
    factor_expr          aller à l'état 49
    tree                 aller à l'état 33


État 63

   28 relational_expr: relational_expr "==" . additive_expr

    TAG      décalage et aller à l'état 1
    INTEGER  décalage et aller à l'état 16
    '!'      décalage et aller à l'état 20
    '('      décalage et aller à l'état 21
    '"'      décalage et aller à l'état 22
    '{'      décalage et aller à l'état 3

    additive_expr        aller à l'état 94
    multiplicative_expr  aller à l'état 29
    negative_expr        aller à l'état 30
    factor_expr          aller à l'état 49
    tree                 aller à l'état 33


État 64

   29 relational_expr: relational_expr "!=" . additive_expr

    TAG      décalage et aller à l'état 1
    INTEGER  décalage et aller à l'état 16
    '!'      décalage et aller à l'état 20
    '('      décalage et aller à l'état 21
    '"'      décalage et aller à l'état 22
    '{'      décalage et aller à l'état 3

    additive_expr        aller à l'état 95
    multiplicative_expr  aller à l'état 29
    negative_expr        aller à l'état 30
    factor_expr          aller à l'état 49
    tree                 aller à l'état 33


État 65

   31 additive_expr: additive_expr '+' . multiplicative_expr

    TAG      décalage et aller à l'état 1
    INTEGER  décalage et aller à l'état 16
    '!'      décalage et aller à l'état 20
    '('      décalage et aller à l'état 21
    '"'      décalage et aller à l'état 22
    '{'      décalage et aller à l'état 3

    multiplicative_expr  aller à l'état 96
    negative_expr        aller à l'état 30
    factor_expr          aller à l'état 49
    tree                 aller à l'état 33


État 66

   32 additive_expr: additive_expr '-' . multiplicative_expr

    TAG      décalage et aller à l'état 1
    INTEGER  décalage et aller à l'état 16
    '!'      décalage et aller à l'état 20
    '('      décalage et aller à l'état 21
    '"'      décalage et aller à l'état 22
    '{'      décalage et aller à l'état 3

    multiplicative_expr  aller à l'état 97
    negative_expr        aller à l'état 30
    factor_expr          aller à l'état 49
    tree                 aller à l'état 33


État 67

   34 multiplicative_expr: multiplicative_expr '*' . negative_expr

    TAG      décalage et aller à l'état 1
    INTEGER  décalage et aller à l'état 16
    '!'      décalage et aller à l'état 20
    '('      décalage et aller à l'état 21
    '"'      décalage et aller à l'état 22
    '{'      décalage et aller à l'état 3

    negative_expr  aller à l'état 98
    factor_expr    aller à l'état 49
    tree           aller à l'état 33


État 68

   35 multiplicative_expr: multiplicative_expr '/' . negative_expr

    TAG      décalage et aller à l'état 1
    INTEGER  décalage et aller à l'état 16
    '!'      décalage et aller à l'état 20
    '('      décalage et aller à l'état 21
    '"'      décalage et aller à l'état 22
    '{'      décalage et aller à l'état 3

    negative_expr  aller à l'état 99
    factor_expr    aller à l'état 49
    tree           aller à l'état 33


État 69

   13 declaration_locale: factor_expr WHERE . NAME '=' expr
   14                   | factor_expr WHERE . REC NAME '=' expr

    NAME  décalage et aller à l'état 100
    REC   décalage et aller à l'état 101


État 70

   66 tree: '{' contenus '}' .

    $défaut  réduction par utilisation de la règle 66 (tree)


État 71

   69 contenus: contenu contenus .

    $défaut  réduction par utilisation de la règle 69 (contenus)


État 72

    3 declarations_globales: declaration ';' declarations_globales .

    $défaut  réduction par utilisation de la règle 3 (declarations_globales)


État 73

   64 tree: TAG '{' contenus '}' .

    $défaut  réduction par utilisation de la règle 64 (tree)


État 74

   67 attributs: TAG '=' . '"' text '"' attributs
   68          | TAG '=' . '"' text '"'

    '"'  décalage et aller à l'état 102


État 75

   62 tree: TAG '[' attributs ']' . '{' contenus '}'
   63     | TAG '[' attributs ']' . '/'

    '/'  décalage et aller à l'état 103
    '{'  décalage et aller à l'état 104


État 76

    6 declaration: LET REC names '=' . functions

    TAG      décalage et aller à l'état 1
    NAME     décalage et aller à l'état 15
    INTEGER  décalage et aller à l'état 16
    LET      décalage et aller à l'état 17
    FUN      décalage et aller à l'état 77
    IF       décalage et aller à l'état 18
    MATCH    décalage et aller à l'état 19
    '!'      décalage et aller à l'état 20
    '('      décalage et aller à l'état 21
    '"'      décalage et aller à l'état 22
    '{'      décalage et aller à l'état 3

    functions            aller à l'état 105
    declaration_locale   aller à l'état 23
    expr                 aller à l'état 79
    conditional_expr     aller à l'état 25
    logical_expr         aller à l'état 26
    relational_expr      aller à l'état 27
    additive_expr        aller à l'état 28
    multiplicative_expr  aller à l'état 29
    negative_expr        aller à l'état 30
    factor_expr          aller à l'état 31
    match_expr           aller à l'état 32
    tree                 aller à l'état 33


État 77

    9 functions: FUN . names "=>" functions

    NAME  décalage et aller à l'état 12

    names  aller à l'état 106


État 78

    5 declaration: LET names '=' functions .

    $défaut  réduction par utilisation de la règle 5 (declaration)


État 79

   10 functions: expr .

    $défaut  réduction par utilisation de la règle 10 (functions)


État 80

   11 declaration_locale: LET NAME '=' . factor_expr IN expr

    TAG      décalage et aller à l'état 1
    INTEGER  décalage et aller à l'état 16
    '('      décalage et aller à l'état 21
    '"'      décalage et aller à l'état 22
    '{'      décalage et aller à l'état 3

    factor_expr  aller à l'état 107
    tree         aller à l'état 33


État 81

   12 declaration_locale: LET REC NAME . '=' factor_expr IN expr

    '='  décalage et aller à l'état 108


État 82

   19 conditional_expr: IF logical_expr THEN . expr ELSE expr

    TAG      décalage et aller à l'état 1
    NAME     décalage et aller à l'état 15
    INTEGER  décalage et aller à l'état 16
    LET      décalage et aller à l'état 17
    IF       décalage et aller à l'état 18
    MATCH    décalage et aller à l'état 19
    '!'      décalage et aller à l'état 20
    '('      décalage et aller à l'état 21
    '"'      décalage et aller à l'état 22
    '{'      décalage et aller à l'état 3

    declaration_locale   aller à l'état 23
    expr                 aller à l'état 109
    conditional_expr     aller à l'état 25
    logical_expr         aller à l'état 26
    relational_expr      aller à l'état 27
    additive_expr        aller à l'état 28
    multiplicative_expr  aller à l'état 29
    negative_expr        aller à l'état 30
    factor_expr          aller à l'état 31
    match_expr           aller à l'état 32
    tree                 aller à l'état 33


État 83

   43 match_expr: MATCH expr WITH . filter_expr END

    '|'  décalage et aller à l'état 110

    filter_expr  aller à l'état 111


État 84

   39 factor_expr: '(' expr ')' .

    $défaut  réduction par utilisation de la règle 39 (factor_expr)


État 85

   75 word_t: MOT ' ' .

    $défaut  réduction par utilisation de la règle 75 (word_t)


État 86

   40 factor_expr: '"' text '"' .

    $défaut  réduction par utilisation de la règle 40 (factor_expr)


État 87

   73 text: word_t text .

    $défaut  réduction par utilisation de la règle 73 (text)


État 88

   21 logical_expr: logical_expr "||" relational_expr .
   24 relational_expr: relational_expr . "<" additive_expr
   25                | relational_expr . ">" additive_expr
   26                | relational_expr . ">=" additive_expr
   27                | relational_expr . "<=" additive_expr
   28                | relational_expr . "==" additive_expr
   29                | relational_expr . "!=" additive_expr

    "<"   décalage et aller à l'état 59
    ">"   décalage et aller à l'état 60
    "<="  décalage et aller à l'état 61
    ">="  décalage et aller à l'état 62
    "=="  décalage et aller à l'état 63
    "!="  décalage et aller à l'état 64

    $défaut  réduction par utilisation de la règle 21 (logical_expr)


État 89

   22 logical_expr: logical_expr "&&" relational_expr .
   24 relational_expr: relational_expr . "<" additive_expr
   25                | relational_expr . ">" additive_expr
   26                | relational_expr . ">=" additive_expr
   27                | relational_expr . "<=" additive_expr
   28                | relational_expr . "==" additive_expr
   29                | relational_expr . "!=" additive_expr

    "<"   décalage et aller à l'état 59
    ">"   décalage et aller à l'état 60
    "<="  décalage et aller à l'état 61
    ">="  décalage et aller à l'état 62
    "=="  décalage et aller à l'état 63
    "!="  décalage et aller à l'état 64

    $défaut  réduction par utilisation de la règle 22 (logical_expr)


État 90

   24 relational_expr: relational_expr "<" additive_expr .
   31 additive_expr: additive_expr . '+' multiplicative_expr
   32              | additive_expr . '-' multiplicative_expr

    '+'  décalage et aller à l'état 65
    '-'  décalage et aller à l'état 66

    $défaut  réduction par utilisation de la règle 24 (relational_expr)


État 91

   25 relational_expr: relational_expr ">" additive_expr .
   31 additive_expr: additive_expr . '+' multiplicative_expr
   32              | additive_expr . '-' multiplicative_expr

    '+'  décalage et aller à l'état 65
    '-'  décalage et aller à l'état 66

    $défaut  réduction par utilisation de la règle 25 (relational_expr)


État 92

   27 relational_expr: relational_expr "<=" additive_expr .
   31 additive_expr: additive_expr . '+' multiplicative_expr
   32              | additive_expr . '-' multiplicative_expr

    '+'  décalage et aller à l'état 65
    '-'  décalage et aller à l'état 66

    $défaut  réduction par utilisation de la règle 27 (relational_expr)


État 93

   26 relational_expr: relational_expr ">=" additive_expr .
   31 additive_expr: additive_expr . '+' multiplicative_expr
   32              | additive_expr . '-' multiplicative_expr

    '+'  décalage et aller à l'état 65
    '-'  décalage et aller à l'état 66

    $défaut  réduction par utilisation de la règle 26 (relational_expr)


État 94

   28 relational_expr: relational_expr "==" additive_expr .
   31 additive_expr: additive_expr . '+' multiplicative_expr
   32              | additive_expr . '-' multiplicative_expr

    '+'  décalage et aller à l'état 65
    '-'  décalage et aller à l'état 66

    $défaut  réduction par utilisation de la règle 28 (relational_expr)


État 95

   29 relational_expr: relational_expr "!=" additive_expr .
   31 additive_expr: additive_expr . '+' multiplicative_expr
   32              | additive_expr . '-' multiplicative_expr

    '+'  décalage et aller à l'état 65
    '-'  décalage et aller à l'état 66

    $défaut  réduction par utilisation de la règle 29 (relational_expr)


État 96

   31 additive_expr: additive_expr '+' multiplicative_expr .
   34 multiplicative_expr: multiplicative_expr . '*' negative_expr
   35                    | multiplicative_expr . '/' negative_expr

    '*'  décalage et aller à l'état 67
    '/'  décalage et aller à l'état 68

    $défaut  réduction par utilisation de la règle 31 (additive_expr)


État 97

   32 additive_expr: additive_expr '-' multiplicative_expr .
   34 multiplicative_expr: multiplicative_expr . '*' negative_expr
   35                    | multiplicative_expr . '/' negative_expr

    '*'  décalage et aller à l'état 67
    '/'  décalage et aller à l'état 68

    $défaut  réduction par utilisation de la règle 32 (additive_expr)


État 98

   34 multiplicative_expr: multiplicative_expr '*' negative_expr .

    $défaut  réduction par utilisation de la règle 34 (multiplicative_expr)


État 99

   35 multiplicative_expr: multiplicative_expr '/' negative_expr .

    $défaut  réduction par utilisation de la règle 35 (multiplicative_expr)


État 100

   13 declaration_locale: factor_expr WHERE NAME . '=' expr

    '='  décalage et aller à l'état 112


État 101

   14 declaration_locale: factor_expr WHERE REC . NAME '=' expr

    NAME  décalage et aller à l'état 113


État 102

   67 attributs: TAG '=' '"' . text '"' attributs
   68          | TAG '=' '"' . text '"'

    MOT  décalage et aller à l'état 53

    text    aller à l'état 114
    word_t  aller à l'état 55


État 103

   63 tree: TAG '[' attributs ']' '/' .

    $défaut  réduction par utilisation de la règle 63 (tree)


État 104

   62 tree: TAG '[' attributs ']' '{' . contenus '}'

    TAG      décalage et aller à l'état 1
    NAME     décalage et aller à l'état 15
    INTEGER  décalage et aller à l'état 16
    LET      décalage et aller à l'état 17
    IF       décalage et aller à l'état 18
    MATCH    décalage et aller à l'état 19
    '!'      décalage et aller à l'état 20
    '('      décalage et aller à l'état 21
    '"'      décalage et aller à l'état 22
    '{'      décalage et aller à l'état 3

    declaration_locale   aller à l'état 23
    expr                 aller à l'état 24
    conditional_expr     aller à l'état 25
    logical_expr         aller à l'état 26
    relational_expr      aller à l'état 27
    additive_expr        aller à l'état 28
    multiplicative_expr  aller à l'état 29
    negative_expr        aller à l'état 30
    factor_expr          aller à l'état 31
    match_expr           aller à l'état 32
    tree                 aller à l'état 33
    contenus             aller à l'état 115
    contenu              aller à l'état 35


État 105

    6 declaration: LET REC names '=' functions .

    $défaut  réduction par utilisation de la règle 6 (declaration)


État 106

    9 functions: FUN names . "=>" functions

    "=>"  décalage et aller à l'état 116


État 107

   11 declaration_locale: LET NAME '=' factor_expr . IN expr

    IN  décalage et aller à l'état 117


État 108

   12 declaration_locale: LET REC NAME '=' . factor_expr IN expr

    TAG      décalage et aller à l'état 1
    INTEGER  décalage et aller à l'état 16
    '('      décalage et aller à l'état 21
    '"'      décalage et aller à l'état 22
    '{'      décalage et aller à l'état 3

    factor_expr  aller à l'état 118
    tree         aller à l'état 33


État 109

   19 conditional_expr: IF logical_expr THEN expr . ELSE expr

    ELSE  décalage et aller à l'état 119


État 110

   44 filter_expr: '|' . pforests "=>" expr filter_expr
   45            | '|' . pforests "=>" expr

    TAG   décalage et aller à l'état 120
    NAME  décalage et aller à l'état 121
    '-'   décalage et aller à l'état 122
    '*'   décalage et aller à l'état 123
    '/'   décalage et aller à l'état 124
    '_'   décalage et aller à l'état 125

    pforests      aller à l'état 126
    pattern_expr  aller à l'état 127


État 111

   43 match_expr: MATCH expr WITH filter_expr . END

    END  décalage et aller à l'état 128


État 112

   13 declaration_locale: factor_expr WHERE NAME '=' . expr

    TAG      décalage et aller à l'état 1
    NAME     décalage et aller à l'état 15
    INTEGER  décalage et aller à l'état 16
    LET      décalage et aller à l'état 17
    IF       décalage et aller à l'état 18
    MATCH    décalage et aller à l'état 19
    '!'      décalage et aller à l'état 20
    '('      décalage et aller à l'état 21
    '"'      décalage et aller à l'état 22
    '{'      décalage et aller à l'état 3

    declaration_locale   aller à l'état 23
    expr                 aller à l'état 129
    conditional_expr     aller à l'état 25
    logical_expr         aller à l'état 26
    relational_expr      aller à l'état 27
    additive_expr        aller à l'état 28
    multiplicative_expr  aller à l'état 29
    negative_expr        aller à l'état 30
    factor_expr          aller à l'état 31
    match_expr           aller à l'état 32
    tree                 aller à l'état 33


État 113

   14 declaration_locale: factor_expr WHERE REC NAME . '=' expr

    '='  décalage et aller à l'état 130


État 114

   67 attributs: TAG '=' '"' text . '"' attributs
   68          | TAG '=' '"' text . '"'

    '"'  décalage et aller à l'état 131


État 115

   62 tree: TAG '[' attributs ']' '{' contenus . '}'

    '}'  décalage et aller à l'état 132


État 116

    9 functions: FUN names "=>" . functions

    TAG      décalage et aller à l'état 1
    NAME     décalage et aller à l'état 15
    INTEGER  décalage et aller à l'état 16
    LET      décalage et aller à l'état 17
    FUN      décalage et aller à l'état 77
    IF       décalage et aller à l'état 18
    MATCH    décalage et aller à l'état 19
    '!'      décalage et aller à l'état 20
    '('      décalage et aller à l'état 21
    '"'      décalage et aller à l'état 22
    '{'      décalage et aller à l'état 3

    functions            aller à l'état 133
    declaration_locale   aller à l'état 23
    expr                 aller à l'état 79
    conditional_expr     aller à l'état 25
    logical_expr         aller à l'état 26
    relational_expr      aller à l'état 27
    additive_expr        aller à l'état 28
    multiplicative_expr  aller à l'état 29
    negative_expr        aller à l'état 30
    factor_expr          aller à l'état 31
    match_expr           aller à l'état 32
    tree                 aller à l'état 33


État 117

   11 declaration_locale: LET NAME '=' factor_expr IN . expr

    TAG      décalage et aller à l'état 1
    NAME     décalage et aller à l'état 15
    INTEGER  décalage et aller à l'état 16
    LET      décalage et aller à l'état 17
    IF       décalage et aller à l'état 18
    MATCH    décalage et aller à l'état 19
    '!'      décalage et aller à l'état 20
    '('      décalage et aller à l'état 21
    '"'      décalage et aller à l'état 22
    '{'      décalage et aller à l'état 3

    declaration_locale   aller à l'état 23
    expr                 aller à l'état 134
    conditional_expr     aller à l'état 25
    logical_expr         aller à l'état 26
    relational_expr      aller à l'état 27
    additive_expr        aller à l'état 28
    multiplicative_expr  aller à l'état 29
    negative_expr        aller à l'état 30
    factor_expr          aller à l'état 31
    match_expr           aller à l'état 32
    tree                 aller à l'état 33


État 118

   12 declaration_locale: LET REC NAME '=' factor_expr . IN expr

    IN  décalage et aller à l'état 135


État 119

   19 conditional_expr: IF logical_expr THEN expr ELSE . expr

    TAG      décalage et aller à l'état 1
    NAME     décalage et aller à l'état 15
    INTEGER  décalage et aller à l'état 16
    LET      décalage et aller à l'état 17
    IF       décalage et aller à l'état 18
    MATCH    décalage et aller à l'état 19
    '!'      décalage et aller à l'état 20
    '('      décalage et aller à l'état 21
    '"'      décalage et aller à l'état 22
    '{'      décalage et aller à l'état 3

    declaration_locale   aller à l'état 23
    expr                 aller à l'état 136
    conditional_expr     aller à l'état 25
    logical_expr         aller à l'état 26
    relational_expr      aller à l'état 27
    additive_expr        aller à l'état 28
    multiplicative_expr  aller à l'état 29
    negative_expr        aller à l'état 30
    factor_expr          aller à l'état 31
    match_expr           aller à l'état 32
    tree                 aller à l'état 33


État 120

   49 pattern_expr: TAG . '{' pattern_expr '}'
   50             | TAG . '{' '}'

    '{'  décalage et aller à l'état 137


État 121

   56 pattern_expr: NAME .

    $défaut  réduction par utilisation de la règle 56 (pattern_expr)


État 122

   55 pattern_expr: '-' . '_' '-'
   59             | '-' . NAME '-'

    NAME  décalage et aller à l'état 138
    '_'   décalage et aller à l'état 139


État 123

   53 pattern_expr: '*' . '_' '*'
   57             | '*' . NAME '*'

    NAME  décalage et aller à l'état 140
    '_'   décalage et aller à l'état 141


État 124

   54 pattern_expr: '/' . '_' '/'
   58             | '/' . NAME '/'

    NAME  décalage et aller à l'état 142
    '_'   décalage et aller à l'état 143


État 125

   48 pattern_expr: '_' .
   51             | '_' . '{' pattern_expr '}'
   52             | '_' . '{' '}'

    '{'  décalage et aller à l'état 144

    $défaut  réduction par utilisation de la règle 48 (pattern_expr)


État 126

   44 filter_expr: '|' pforests . "=>" expr filter_expr
   45            | '|' pforests . "=>" expr

    "=>"  décalage et aller à l'état 145


État 127

   46 pforests: pattern_expr . pforests
   47         | pattern_expr .

    TAG   décalage et aller à l'état 120
    NAME  décalage et aller à l'état 121
    '-'   décalage et aller à l'état 122
    '*'   décalage et aller à l'état 123
    '/'   décalage et aller à l'état 124
    '_'   décalage et aller à l'état 125

    $défaut  réduction par utilisation de la règle 47 (pforests)

    pforests      aller à l'état 146
    pattern_expr  aller à l'état 127


État 128

   43 match_expr: MATCH expr WITH filter_expr END .

    $défaut  réduction par utilisation de la règle 43 (match_expr)


État 129

   13 declaration_locale: factor_expr WHERE NAME '=' expr .

    $défaut  réduction par utilisation de la règle 13 (declaration_locale)


État 130

   14 declaration_locale: factor_expr WHERE REC NAME '=' . expr

    TAG      décalage et aller à l'état 1
    NAME     décalage et aller à l'état 15
    INTEGER  décalage et aller à l'état 16
    LET      décalage et aller à l'état 17
    IF       décalage et aller à l'état 18
    MATCH    décalage et aller à l'état 19
    '!'      décalage et aller à l'état 20
    '('      décalage et aller à l'état 21
    '"'      décalage et aller à l'état 22
    '{'      décalage et aller à l'état 3

    declaration_locale   aller à l'état 23
    expr                 aller à l'état 147
    conditional_expr     aller à l'état 25
    logical_expr         aller à l'état 26
    relational_expr      aller à l'état 27
    additive_expr        aller à l'état 28
    multiplicative_expr  aller à l'état 29
    negative_expr        aller à l'état 30
    factor_expr          aller à l'état 31
    match_expr           aller à l'état 32
    tree                 aller à l'état 33


État 131

   67 attributs: TAG '=' '"' text '"' . attributs
   68          | TAG '=' '"' text '"' .

    TAG  décalage et aller à l'état 41

    $défaut  réduction par utilisation de la règle 68 (attributs)

    attributs  aller à l'état 148


État 132

   62 tree: TAG '[' attributs ']' '{' contenus '}' .

    $défaut  réduction par utilisation de la règle 62 (tree)


État 133

    9 functions: FUN names "=>" functions .

    $défaut  réduction par utilisation de la règle 9 (functions)


État 134

   11 declaration_locale: LET NAME '=' factor_expr IN expr .

    $défaut  réduction par utilisation de la règle 11 (declaration_locale)


État 135

   12 declaration_locale: LET REC NAME '=' factor_expr IN . expr

    TAG      décalage et aller à l'état 1
    NAME     décalage et aller à l'état 15
    INTEGER  décalage et aller à l'état 16
    LET      décalage et aller à l'état 17
    IF       décalage et aller à l'état 18
    MATCH    décalage et aller à l'état 19
    '!'      décalage et aller à l'état 20
    '('      décalage et aller à l'état 21
    '"'      décalage et aller à l'état 22
    '{'      décalage et aller à l'état 3

    declaration_locale   aller à l'état 23
    expr                 aller à l'état 149
    conditional_expr     aller à l'état 25
    logical_expr         aller à l'état 26
    relational_expr      aller à l'état 27
    additive_expr        aller à l'état 28
    multiplicative_expr  aller à l'état 29
    negative_expr        aller à l'état 30
    factor_expr          aller à l'état 31
    match_expr           aller à l'état 32
    tree                 aller à l'état 33


État 136

   19 conditional_expr: IF logical_expr THEN expr ELSE expr .

    $défaut  réduction par utilisation de la règle 19 (conditional_expr)


État 137

   49 pattern_expr: TAG '{' . pattern_expr '}'
   50             | TAG '{' . '}'

    TAG   décalage et aller à l'état 120
    NAME  décalage et aller à l'état 121
    '-'   décalage et aller à l'état 122
    '*'   décalage et aller à l'état 123
    '/'   décalage et aller à l'état 124
    '_'   décalage et aller à l'état 125
    '}'   décalage et aller à l'état 150

    pattern_expr  aller à l'état 151


État 138

   59 pattern_expr: '-' NAME . '-'

    '-'  décalage et aller à l'état 152


État 139

   55 pattern_expr: '-' '_' . '-'

    '-'  décalage et aller à l'état 153


État 140

   57 pattern_expr: '*' NAME . '*'

    '*'  décalage et aller à l'état 154


État 141

   53 pattern_expr: '*' '_' . '*'

    '*'  décalage et aller à l'état 155


État 142

   58 pattern_expr: '/' NAME . '/'

    '/'  décalage et aller à l'état 156


État 143

   54 pattern_expr: '/' '_' . '/'

    '/'  décalage et aller à l'état 157


État 144

   51 pattern_expr: '_' '{' . pattern_expr '}'
   52             | '_' '{' . '}'

    TAG   décalage et aller à l'état 120
    NAME  décalage et aller à l'état 121
    '-'   décalage et aller à l'état 122
    '*'   décalage et aller à l'état 123
    '/'   décalage et aller à l'état 124
    '_'   décalage et aller à l'état 125
    '}'   décalage et aller à l'état 158

    pattern_expr  aller à l'état 159


État 145

   44 filter_expr: '|' pforests "=>" . expr filter_expr
   45            | '|' pforests "=>" . expr

    TAG      décalage et aller à l'état 1
    NAME     décalage et aller à l'état 15
    INTEGER  décalage et aller à l'état 16
    LET      décalage et aller à l'état 17
    IF       décalage et aller à l'état 18
    MATCH    décalage et aller à l'état 19
    '!'      décalage et aller à l'état 20
    '('      décalage et aller à l'état 21
    '"'      décalage et aller à l'état 22
    '{'      décalage et aller à l'état 3

    declaration_locale   aller à l'état 23
    expr                 aller à l'état 160
    conditional_expr     aller à l'état 25
    logical_expr         aller à l'état 26
    relational_expr      aller à l'état 27
    additive_expr        aller à l'état 28
    multiplicative_expr  aller à l'état 29
    negative_expr        aller à l'état 30
    factor_expr          aller à l'état 31
    match_expr           aller à l'état 32
    tree                 aller à l'état 33


État 146

   46 pforests: pattern_expr pforests .

    $défaut  réduction par utilisation de la règle 46 (pforests)


État 147

   14 declaration_locale: factor_expr WHERE REC NAME '=' expr .

    $défaut  réduction par utilisation de la règle 14 (declaration_locale)


État 148

   67 attributs: TAG '=' '"' text '"' attributs .

    $défaut  réduction par utilisation de la règle 67 (attributs)


État 149

   12 declaration_locale: LET REC NAME '=' factor_expr IN expr .

    $défaut  réduction par utilisation de la règle 12 (declaration_locale)


État 150

   50 pattern_expr: TAG '{' '}' .

    $défaut  réduction par utilisation de la règle 50 (pattern_expr)


État 151

   49 pattern_expr: TAG '{' pattern_expr . '}'

    '}'  décalage et aller à l'état 161


État 152

   59 pattern_expr: '-' NAME '-' .

    $défaut  réduction par utilisation de la règle 59 (pattern_expr)


État 153

   55 pattern_expr: '-' '_' '-' .

    $défaut  réduction par utilisation de la règle 55 (pattern_expr)


État 154

   57 pattern_expr: '*' NAME '*' .

    $défaut  réduction par utilisation de la règle 57 (pattern_expr)


État 155

   53 pattern_expr: '*' '_' '*' .

    $défaut  réduction par utilisation de la règle 53 (pattern_expr)


État 156

   58 pattern_expr: '/' NAME '/' .

    $défaut  réduction par utilisation de la règle 58 (pattern_expr)


État 157

   54 pattern_expr: '/' '_' '/' .

    $défaut  réduction par utilisation de la règle 54 (pattern_expr)


État 158

   52 pattern_expr: '_' '{' '}' .

    $défaut  réduction par utilisation de la règle 52 (pattern_expr)


État 159

   51 pattern_expr: '_' '{' pattern_expr . '}'

    '}'  décalage et aller à l'état 162


État 160

   44 filter_expr: '|' pforests "=>" expr . filter_expr
   45            | '|' pforests "=>" expr .

    '|'  décalage et aller à l'état 110

    $défaut  réduction par utilisation de la règle 45 (filter_expr)

    filter_expr  aller à l'état 163


État 161

   49 pattern_expr: TAG '{' pattern_expr '}' .

    $défaut  réduction par utilisation de la règle 49 (pattern_expr)


État 162

   51 pattern_expr: '_' '{' pattern_expr '}' .

    $défaut  réduction par utilisation de la règle 51 (pattern_expr)


État 163

   44 filter_expr: '|' pforests "=>" expr filter_expr .

    $défaut  réduction par utilisation de la règle 44 (filter_expr)
